Сборка начата 23.09.2015 23:05:57.
     1>Проект "H:\oop\lab2\lab2\lab2.vcxproj" в узле 2 (целевые объекты Build).
     1>InitializeBuildStatus:
         Создание "Debug\lab2.unsuccessfulbuild", так как было задано "AlwaysCreate".
       ClCompile:
         Для всех выходных данных обновления не требуется.
         E:\study\Новая папка\VC\bin\CL.exe /c /ZI /nologo /W3 /WX- /sdl /Od /Oy- /D WIN32 /D _DEBUG /D _CONSOLE /D _UNICODE /D UNICODE /Gm /EHsc /RTC1 /MDd /GS /fp:precise /Zc:wchar_t /Zc:forScope /Yu"stdafx.h" /Fp"Debug\lab2.pch" /Fo"Debug\\" /Fd"Debug\vc110.pdb" /Gd /TP /analyze- /errorReport:prompt chek.cpp document.cpp kvitanciya.cpp nakladnaya.cpp
         nakladnaya.cpp
         kvitanciya.cpp
         document.cpp
         chek.cpp
         Создание кода...
       Link:
         E:\study\Новая папка\VC\bin\link.exe /ERRORREPORT:PROMPT /OUT:"H:\oop\lab2\Debug\lab2.exe" /INCREMENTAL /NOLOGO kernel32.lib user32.lib gdi32.lib winspool.lib comdlg32.lib advapi32.lib shell32.lib ole32.lib oleaut32.lib uuid.lib odbc32.lib odbccp32.lib /MANIFEST /MANIFESTUAC:"level='asInvoker' uiAccess='false'" /manifest:embed /DEBUG /PDB:"H:\oop\lab2\Debug\lab2.pdb" /SUBSYSTEM:CONSOLE /TLBID:1 /DYNAMICBASE /NXCOMPAT /IMPLIB:"H:\oop\lab2\Debug\lab2.lib" /MACHINE:X86 Debug\lab2.obj
         Debug\chek.obj
         Debug\document.obj
         Debug\stdafx.obj
         Debug\kvitanciya.obj
         Debug\nakladnaya.obj
         lab2.vcxproj -> H:\oop\lab2\Debug\lab2.exe
       FinalizeBuildStatus:
         Файл "Debug\lab2.unsuccessfulbuild" удаляется.
         Обращение к "Debug\lab2.lastbuildstate".
     1>Построение проекта "H:\oop\lab2\lab2\lab2.vcxproj" завершено (целевые объекты Build).

Сборка успешно завершена.

Затраченное время: 00:00:29.81
